$ storybook build --output-dir /tmp/chromatic--52587-YHAGd4WgM64Y
@storybook/cli v7.6.6

info => Cleaning outputDir: /tmp/chromatic--52587-YHAGd4WgM64Y
info => Loading presets
info => Building manager..
info => Manager built (179 ms)
info => Building preview..
info => Copying static files: /home/justin/Documents/chromatic-testing/taskbox/node_modules/@storybook/manager/static at /tmp/chromatic--52587-YHAGd4WgM64Y/sb-common-assets
info => Copying static files: /home/justin/Documents/chromatic-testing/taskbox/public at /tmp/chromatic--52587-YHAGd4WgM64Y/
vite v4.5.1 building for production...
transforming...
✓ 865 modules transformed.
rendering chunks...
computing gzip size...
../../../../../tmp/chromatic--52587-YHAGd4WgM64Y/iframe.html                                     12.58 kB │ gzip:   3.59 kB
../../../../../tmp/chromatic--52587-YHAGd4WgM64Y/assets/percolate-dac75269.ttf                   34.04 kB
../../../../../tmp/chromatic--52587-YHAGd4WgM64Y/assets/percolate-ec979d96.woff                  34.11 kB
../../../../../tmp/chromatic--52587-YHAGd4WgM64Y/assets/percolate-5ed633c2.eot                   34.21 kB
../../../../../tmp/chromatic--52587-YHAGd4WgM64Y/assets/percolate-d13fa91b.svg                  140.51 kB │ gzip:  46.93 kB
../../../../../tmp/chromatic--52587-YHAGd4WgM64Y/assets/preview-398b3ed6.css                      6.96 kB │ gzip:   2.06 kB
../../../../../tmp/chromatic--52587-YHAGd4WgM64Y/assets/_commonjs-dynamic-modules-302442b1.js     0.24 kB │ gzip:   0.19 kB
../../../../../tmp/chromatic--52587-YHAGd4WgM64Y/assets/WithTooltip-V3YHNWJZ-00820f85.js          0.44 kB │ gzip:   0.27 kB
../../../../../tmp/chromatic--52587-YHAGd4WgM64Y/assets/syntaxhighlighter-V7JZZA35-19cf33a8.js    0.45 kB │ gzip:   0.29 kB
../../../../../tmp/chromatic--52587-YHAGd4WgM64Y/assets/preview-1c3bf9b0.js                       0.51 kB │ gzip:   0.33 kB
../../../../../tmp/chromatic--52587-YHAGd4WgM64Y/assets/index-3fd0d1ea.js                         0.58 kB │ gzip:   0.35 kB
../../../../../tmp/chromatic--52587-YHAGd4WgM64Y/assets/preview-73104b77.js                       0.64 kB │ gzip:   0.45 kB
../../../../../tmp/chromatic--52587-YHAGd4WgM64Y/assets/_commonjsHelpers-de833af9.js              0.69 kB │ gzip:   0.38 kB
../../../../../tmp/chromatic--52587-YHAGd4WgM64Y/assets/index-356e4a49.js                         0.77 kB │ gzip:   0.47 kB
../../../../../tmp/chromatic--52587-YHAGd4WgM64Y/assets/index-8d47fad6.js                         0.80 kB │ gzip:   0.52 kB
../../../../../tmp/chromatic--52587-YHAGd4WgM64Y/assets/preview-0ef86afd.js                       0.86 kB │ gzip:   0.55 kB
../../../../../tmp/chromatic--52587-YHAGd4WgM64Y/assets/preview-848d9004.js                       1.04 kB │ gzip:   0.68 kB
../../../../../tmp/chromatic--52587-YHAGd4WgM64Y/assets/entry-preview-fb6629d6.js                 1.12 kB │ gzip:   0.66 kB
../../../../../tmp/chromatic--52587-YHAGd4WgM64Y/assets/index-11d98b33.js                         2.59 kB │ gzip:   1.26 kB
../../../../../tmp/chromatic--52587-YHAGd4WgM64Y/assets/preview-30b54f76.js                       3.21 kB │ gzip:   1.37 kB
../../../../../tmp/chromatic--52587-YHAGd4WgM64Y/assets/Task.stories-cd71f1f7.js                  3.66 kB │ gzip:   1.54 kB
../../../../../tmp/chromatic--52587-YHAGd4WgM64Y/assets/iframe-566bdc82.js                        4.64 kB │ gzip:   1.66 kB
../../../../../tmp/chromatic--52587-YHAGd4WgM64Y/assets/preview-d01b88e8.js                       5.23 kB │ gzip:   2.41 kB
../../../../../tmp/chromatic--52587-YHAGd4WgM64Y/assets/index-76fb7be0.js                         7.16 kB │ gzip:   2.91 kB
../../../../../tmp/chromatic--52587-YHAGd4WgM64Y/assets/preview-da31036b.js                       7.62 kB │ gzip:   1.55 kB
../../../../../tmp/chromatic--52587-YHAGd4WgM64Y/assets/preview-c56bf6ac.js                       8.28 kB │ gzip:   3.17 kB
../../../../../tmp/chromatic--52587-YHAGd4WgM64Y/assets/index-da07a199.js                        13.61 kB │ gzip:   5.13 kB
../../../../../tmp/chromatic--52587-YHAGd4WgM64Y/assets/Color-6VNJS4EI-2e9afc29.js               17.64 kB │ gzip:   6.81 kB
../../../../../tmp/chromatic--52587-YHAGd4WgM64Y/assets/TaskList.stories-900588eb.js             32.41 kB │ gzip:  12.06 kB
../../../../../tmp/chromatic--52587-YHAGd4WgM64Y/assets/preview-ac6121e0.js                      34.19 kB │ gzip:  13.40 kB
../../../../../tmp/chromatic--52587-YHAGd4WgM64Y/assets/preview-21802b0a.js                      72.07 kB │ gzip:  24.41 kB
../../../../../tmp/chromatic--52587-YHAGd4WgM64Y/assets/_getPrototype-1e53b583.js                78.40 kB │ gzip:  23.54 kB
../../../../../tmp/chromatic--52587-YHAGd4WgM64Y/assets/react-18-236157c6.js                    134.55 kB │ gzip:  43.45 kB
../../../../../tmp/chromatic--52587-YHAGd4WgM64Y/assets/entry-preview-docs-17bdf6ae.js          212.41 kB │ gzip:  66.48 kB
../../../../../tmp/chromatic--52587-YHAGd4WgM64Y/assets/index-69d26cbb.js                       372.82 kB │ gzip: 114.68 kB
../../../../../tmp/chromatic--52587-YHAGd4WgM64Y/assets/DocsRenderer-NNNQARDV-8526e6e4.js       537.37 kB │ gzip: 175.75 kB
../../../../../tmp/chromatic--52587-YHAGd4WgM64Y/assets/axe-18789938.js                         556.58 kB │ gzip: 152.93 kB
../../../../../tmp/chromatic--52587-YHAGd4WgM64Y/assets/InboxScreen.stories-98e28739.js         562.35 kB │ gzip: 149.28 kB
../../../../../tmp/chromatic--52587-YHAGd4WgM64Y/assets/formatter-SWP5E3XI-5b4bb027.js          601.64 kB │ gzip: 186.24 kB
✓ built in 13.50s
info => Preview built (14 s)
info => Output directory: /tmp/chromatic--52587-YHAGd4WgM64Y
